2023-01-23T10:32:36.324+02:00  INFO 32296 --- [restartedMain] c.a.p.a.a.PhotoAppApiAlbumsApplication   : Starting PhotoAppApiAlbumsApplication using Java 17.0.1 with PID 32296 (C:\projects\UserMicrocervices\UserMicrocervices\PhotoAppApiAlbums\target\classes started by sbohu in C:\projects\UserMicrocervices\UserMicrocervices)
2023-01-23T10:32:36.329+02:00  INFO 32296 --- [restartedMain] c.a.p.a.a.PhotoAppApiAlbumsApplication   : No active profile set, falling back to 1 default profile: "default"
2023-01-23T10:32:36.360+02:00  INFO 32296 --- [restartedMain] o.s.c.c.c.ConfigServerConfigDataLoader   : Fetching config from server at : http://localhost:8012
2023-01-23T10:32:36.360+02:00  INFO 32296 --- [restartedMain] o.s.c.c.c.ConfigServerConfigDataLoader   : Located environment: name=albums-ws, profiles=[default], label=null, version=dcc2d8fe93e6e2141ef48628eb268f31fb0dc4cc, state=null
2023-01-23T10:32:36.361+02:00  INFO 32296 --- [restartedMain] .e.DevToolsPropertyDefaultsPostProcessor : Devtools property defaults active! Set 'spring.devtools.add-properties' to 'false' to disable
2023-01-23T10:32:36.361+02:00  INFO 32296 --- [restartedMain] .e.DevToolsPropertyDefaultsPostProcessor : For additional web related logging consider setting the 'logging.level.web' property to 'DEBUG'
2023-01-23T10:32:37.114+02:00  INFO 32296 --- [restartedMain] o.s.cloud.context.scope.GenericScope     : BeanFactory id=79e1d57d-ac70-3a26-92c4-8c292c97bc17
2023-01-23T10:32:37.769+02:00  INFO 32296 --- [restartedMain] o.s.b.w.embedded.tomcat.TomcatWebServer  : Tomcat initialized with port(s): 0 (http)
2023-01-23T10:32:37.777+02:00  INFO 32296 --- [restartedMain] o.apache.catalina.core.StandardService   : Starting service [Tomcat]
2023-01-23T10:32:37.778+02:00  INFO 32296 --- [restartedMain] o.apache.catalina.core.StandardEngine    : Starting Servlet engine: [Apache Tomcat/10.1.1]
2023-01-23T10:32:37.836+02:00  INFO 32296 --- [restartedMain] o.a.c.c.C.[Tomcat].[localhost].[/]       : Initializing Spring embedded WebApplicationContext
2023-01-23T10:32:37.837+02:00  INFO 32296 --- [restartedMain] w.s.c.ServletWebServerApplicationContext : Root WebApplicationContext: initialization completed in 1475 ms
2023-01-23T10:32:38.841+02:00  INFO 32296 --- [restartedMain] o.s.b.d.a.OptionalLiveReloadServer       : LiveReload server is running on port 35729
2023-01-23T10:32:39.154+02:00  INFO 32296 --- [restartedMain] DiscoveryClientOptionalArgsConfiguration : Eureka HTTP Client uses RestTemplate.
2023-01-23T10:32:39.182+02:00  WARN 32296 --- [restartedMain] iguration$LoadBalancerCaffeineWarnLogger : Spring Cloud LoadBalancer is currently working with the default cache. While this cache implementation is useful for development and tests, it's recommended to use Caffeine cache in production.You can switch to using Caffeine cache, by adding it and org.springframework.cache.caffeine.CaffeineCacheManager to the classpath.
2023-01-23T10:32:39.187+02:00  INFO 32296 --- [restartedMain] o.s.b.a.e.web.EndpointLinksResolver      : Exposing 1 endpoint(s) beneath base path '/actuator'
2023-01-23T10:32:39.265+02:00  INFO 32296 --- [restartedMain] o.s.b.w.embedded.tomcat.TomcatWebServer  : Tomcat started on port(s): 1938 (http) with context path ''
2023-01-23T10:32:39.267+02:00  INFO 32296 --- [restartedMain] .s.c.n.e.s.EurekaAutoServiceRegistration : Updating port to 1938
2023-01-23T10:32:39.279+02:00  INFO 32296 --- [restartedMain] o.s.c.n.eureka.InstanceInfoFactory       : Setting initial instance status as: STARTING
2023-01-23T10:32:39.321+02:00  INFO 32296 --- [restartedMain] com.netflix.discovery.DiscoveryClient    : Initializing Eureka in region us-east-1
2023-01-23T10:32:39.327+02:00  INFO 32296 --- [restartedMain] c.n.d.s.r.aws.ConfigClusterResolver      : Resolving eureka endpoints via configuration
2023-01-23T10:32:39.353+02:00  INFO 32296 --- [restartedMain] com.netflix.discovery.DiscoveryClient    : Disable delta property : false
2023-01-23T10:32:39.353+02:00  INFO 32296 --- [restartedMain] com.netflix.discovery.DiscoveryClient    : Single vip registry refresh property : null
2023-01-23T10:32:39.353+02:00  INFO 32296 --- [restartedMain] com.netflix.discovery.DiscoveryClient    : Force full registry fetch : false
2023-01-23T10:32:39.353+02:00  INFO 32296 --- [restartedMain] com.netflix.discovery.DiscoveryClient    : Application is null : false
2023-01-23T10:32:39.353+02:00  INFO 32296 --- [restartedMain] com.netflix.discovery.DiscoveryClient    : Registered Applications size is zero : true
2023-01-23T10:32:39.353+02:00  INFO 32296 --- [restartedMain] com.netflix.discovery.DiscoveryClient    : Application version is -1: true
2023-01-23T10:32:39.353+02:00  INFO 32296 --- [restartedMain] com.netflix.discovery.DiscoveryClient    : Getting all instance registry info from the eureka server
2023-01-23T10:32:39.856+02:00  INFO 32296 --- [restartedMain] com.netflix.discovery.DiscoveryClient    : The response status is 200
2023-01-23T10:32:39.861+02:00  INFO 32296 --- [restartedMain] com.netflix.discovery.DiscoveryClient    : Starting heartbeat executor: renew interval is: 30
2023-01-23T10:32:39.866+02:00  INFO 32296 --- [restartedMain] c.n.discovery.InstanceInfoReplicator     : InstanceInfoReplicator onDemand update allowed rate per min is 4
2023-01-23T10:32:39.876+02:00  INFO 32296 --- [restartedMain] com.netflix.discovery.DiscoveryClient    : Discovery Client initialized at timestamp 1674462759876 with initial instances count: 0
2023-01-23T10:32:39.878+02:00  INFO 32296 --- [restartedMain] o.s.c.n.e.s.EurekaServiceRegistry        : Registering application ALBUMS-WS with eureka with status UP
2023-01-23T10:32:39.879+02:00  INFO 32296 --- [restartedMain] com.netflix.discovery.DiscoveryClient    : Saw local status change event StatusChangeEvent [timestamp=1674462759879, current=UP, previous=STARTING]
2023-01-23T10:32:39.881+02:00  INFO 32296 --- [DiscoveryClient-InstanceInfoReplicator-0] com.netflix.discovery.DiscoveryClient    : DiscoveryClient_ALBUMS-WS/albums-ws:afd4beca4ececc103942ceb728efcd4b: registering service...
2023-01-23T10:32:40.055+02:00  INFO 32296 --- [DiscoveryClient-InstanceInfoReplicator-0] com.netflix.discovery.DiscoveryClient    : DiscoveryClient_ALBUMS-WS/albums-ws:afd4beca4ececc103942ceb728efcd4b - registration status: 204
2023-01-23T10:32:40.212+02:00  INFO 32296 --- [restartedMain] c.a.p.a.a.PhotoAppApiAlbumsApplication   : Started PhotoAppApiAlbumsApplication in 5.728 seconds (process running for 6.51)
2023-01-23T10:32:40.595+02:00  INFO 32296 --- [RMI TCP Connection(3)-192.168.31.61] o.a.c.c.C.[Tomcat].[localhost].[/]       : Initializing Spring DispatcherServlet 'dispatcherServlet'
2023-01-23T10:32:40.595+02:00  INFO 32296 --- [RMI TCP Connection(3)-192.168.31.61] o.s.web.servlet.DispatcherServlet        : Initializing Servlet 'dispatcherServlet'
2023-01-23T10:32:40.597+02:00  INFO 32296 --- [RMI TCP Connection(3)-192.168.31.61] o.s.web.servlet.DispatcherServlet        : Completed initialization in 2 ms
2023-01-23T10:33:09.869+02:00  INFO 32296 --- [DiscoveryClient-CacheRefreshExecutor-0] com.netflix.discovery.DiscoveryClient    : Disable delta property : false
2023-01-23T10:33:09.870+02:00  INFO 32296 --- [DiscoveryClient-CacheRefreshExecutor-0] com.netflix.discovery.DiscoveryClient    : Single vip registry refresh property : null
2023-01-23T10:33:09.870+02:00  INFO 32296 --- [DiscoveryClient-CacheRefreshExecutor-0] com.netflix.discovery.DiscoveryClient    : Force full registry fetch : false
2023-01-23T10:33:09.870+02:00  INFO 32296 --- [DiscoveryClient-CacheRefreshExecutor-0] com.netflix.discovery.DiscoveryClient    : Application is null : false
2023-01-23T10:33:09.870+02:00  INFO 32296 --- [DiscoveryClient-CacheRefreshExecutor-0] com.netflix.discovery.DiscoveryClient    : Registered Applications size is zero : true
2023-01-23T10:33:09.870+02:00  INFO 32296 --- [DiscoveryClient-CacheRefreshExecutor-0] com.netflix.discovery.DiscoveryClient    : Application version is -1: false
2023-01-23T10:33:09.870+02:00  INFO 32296 --- [DiscoveryClient-CacheRefreshExecutor-0] com.netflix.discovery.DiscoveryClient    : Getting all instance registry info from the eureka server
2023-01-23T10:33:09.967+02:00  INFO 32296 --- [DiscoveryClient-CacheRefreshExecutor-0] com.netflix.discovery.DiscoveryClient    : The response status is 200
2023-01-23T10:36:48.945+02:00  INFO 32296 --- [http-nio-auto-1-exec-1] c.a.p.a.a.i.c.AlbumsController           : Returning 2 albums
2023-01-23T10:37:39.366+02:00  INFO 32296 --- [AsyncResolver-bootstrap-executor-0] c.n.d.s.r.aws.ConfigClusterResolver      : Resolving eureka endpoints via configuration
2023-01-23T10:41:19.526+02:00  INFO 32296 --- [http-nio-auto-1-exec-3] c.a.p.a.a.i.c.AlbumsController           : Returning 2 albums
2023-01-23T10:42:39.375+02:00  INFO 32296 --- [AsyncResolver-bootstrap-executor-0] c.n.d.s.r.aws.ConfigClusterResolver      : Resolving eureka endpoints via configuration
2023-01-23T10:47:39.379+02:00  INFO 32296 --- [AsyncResolver-bootstrap-executor-0] c.n.d.s.r.aws.ConfigClusterResolver      : Resolving eureka endpoints via configuration
2023-01-23T10:47:47.241+02:00  INFO 32296 --- [http-nio-auto-1-exec-5] c.a.p.a.a.i.c.AlbumsController           : Returning 2 albums
2023-01-23T10:52:39.395+02:00  INFO 32296 --- [AsyncResolver-bootstrap-executor-0] c.n.d.s.r.aws.ConfigClusterResolver      : Resolving eureka endpoints via configuration
2023-01-23T10:57:39.408+02:00  INFO 32296 --- [AsyncResolver-bootstrap-executor-0] c.n.d.s.r.aws.ConfigClusterResolver      : Resolving eureka endpoints via configuration
2023-01-23T11:02:39.420+02:00  INFO 32296 --- [AsyncResolver-bootstrap-executor-0] c.n.d.s.r.aws.ConfigClusterResolver      : Resolving eureka endpoints via configuration
2023-01-23T11:06:14.652+02:00  INFO 32296 --- [http-nio-auto-1-exec-7] c.a.p.a.a.i.c.AlbumsController           : Returning 2 albums
2023-01-23T11:07:39.422+02:00  INFO 32296 --- [AsyncResolver-bootstrap-executor-0] c.n.d.s.r.aws.ConfigClusterResolver      : Resolving eureka endpoints via configuration
2023-01-23T11:08:31.575+02:00  INFO 32296 --- [http-nio-auto-1-exec-9] c.a.p.a.a.i.c.AlbumsController           : Returning 2 albums
2023-01-23T11:08:31.593+02:00  INFO 32296 --- [http-nio-auto-1-exec-10] c.a.p.a.a.i.c.AlbumsController           : Returning 2 albums
2023-01-23T11:08:40.034+02:00  INFO 32296 --- [http-nio-auto-1-exec-1] c.a.p.a.a.i.c.AlbumsController           : Returning 2 albums
2023-01-23T11:12:39.428+02:00  INFO 32296 --- [AsyncResolver-bootstrap-executor-0] c.n.d.s.r.aws.ConfigClusterResolver      : Resolving eureka endpoints via configuration
2023-01-23T11:17:39.438+02:00  INFO 32296 --- [AsyncResolver-bootstrap-executor-0] c.n.d.s.r.aws.ConfigClusterResolver      : Resolving eureka endpoints via configuration
2023-01-23T11:22:39.455+02:00  INFO 32296 --- [AsyncResolver-bootstrap-executor-0] c.n.d.s.r.aws.ConfigClusterResolver      : Resolving eureka endpoints via configuration
2023-01-23T11:27:39.465+02:00  INFO 32296 --- [AsyncResolver-bootstrap-executor-0] c.n.d.s.r.aws.ConfigClusterResolver      : Resolving eureka endpoints via configuration
2023-01-23T11:32:39.474+02:00  INFO 32296 --- [AsyncResolver-bootstrap-executor-0] c.n.d.s.r.aws.ConfigClusterResolver      : Resolving eureka endpoints via configuration
2023-01-23T11:37:39.476+02:00  INFO 32296 --- [AsyncResolver-bootstrap-executor-0] c.n.d.s.r.aws.ConfigClusterResolver      : Resolving eureka endpoints via configuration
2023-01-23T11:42:38.480+02:00  INFO 32296 --- [AsyncResolver-bootstrap-executor-0] c.n.d.s.r.aws.ConfigClusterResolver      : Resolving eureka endpoints via configuration
2023-01-23T11:47:38.492+02:00  INFO 32296 --- [AsyncResolver-bootstrap-executor-0] c.n.d.s.r.aws.ConfigClusterResolver      : Resolving eureka endpoints via configuration
2023-01-23T11:52:38.502+02:00  INFO 32296 --- [AsyncResolver-bootstrap-executor-0] c.n.d.s.r.aws.ConfigClusterResolver      : Resolving eureka endpoints via configuration
2023-01-23T11:57:38.508+02:00  INFO 32296 --- [AsyncResolver-bootstrap-executor-0] c.n.d.s.r.aws.ConfigClusterResolver      : Resolving eureka endpoints via configuration
2023-01-23T12:02:38.516+02:00  INFO 32296 --- [AsyncResolver-bootstrap-executor-0] c.n.d.s.r.aws.ConfigClusterResolver      : Resolving eureka endpoints via configuration
2023-01-23T12:07:38.519+02:00  INFO 32296 --- [AsyncResolver-bootstrap-executor-0] c.n.d.s.r.aws.ConfigClusterResolver      : Resolving eureka endpoints via configuration
2023-01-23T12:10:26.871+02:00  INFO 32296 --- [http-nio-auto-1-exec-3] c.a.p.a.a.i.c.AlbumsController           : Returning 2 albums
2023-01-23T12:10:43.402+02:00  INFO 32296 --- [http-nio-auto-1-exec-4] c.a.p.a.a.i.c.AlbumsController           : Returning 2 albums
2023-01-23T12:11:48.536+02:00  INFO 32296 --- [http-nio-auto-1-exec-6] c.a.p.a.a.i.c.AlbumsController           : Returning 2 albums
2023-01-23T12:12:38.527+02:00  INFO 32296 --- [AsyncResolver-bootstrap-executor-0] c.n.d.s.r.aws.ConfigClusterResolver      : Resolving eureka endpoints via configuration
2023-01-23T12:15:33.165+02:00  INFO 32296 --- [http-nio-auto-1-exec-8] c.a.p.a.a.i.c.AlbumsController           : Returning 2 albums
2023-01-23T12:15:38.140+02:00  INFO 32296 --- [http-nio-auto-1-exec-9] c.a.p.a.a.i.c.AlbumsController           : Returning 2 albums
2023-01-23T12:15:48.622+02:00  INFO 32296 --- [http-nio-auto-1-exec-10] c.a.p.a.a.i.c.AlbumsController           : Returning 2 albums
2023-01-23T12:17:38.540+02:00  INFO 32296 --- [AsyncResolver-bootstrap-executor-0] c.n.d.s.r.aws.ConfigClusterResolver      : Resolving eureka endpoints via configuration
2023-01-23T12:22:38.553+02:00  INFO 32296 --- [AsyncResolver-bootstrap-executor-0] c.n.d.s.r.aws.ConfigClusterResolver      : Resolving eureka endpoints via configuration
2023-01-23T12:27:38.558+02:00  INFO 32296 --- [AsyncResolver-bootstrap-executor-0] c.n.d.s.r.aws.ConfigClusterResolver      : Resolving eureka endpoints via configuration
2023-01-23T12:32:38.567+02:00  INFO 32296 --- [AsyncResolver-bootstrap-executor-0] c.n.d.s.r.aws.ConfigClusterResolver      : Resolving eureka endpoints via configuration
2023-01-23T12:33:54.173+02:00  INFO 32296 --- [http-nio-auto-1-exec-2] c.a.p.a.a.i.c.AlbumsController           : Returning 2 albums
2023-01-23T12:36:15.849+02:00  INFO 32296 --- [http-nio-auto-1-exec-4] c.a.p.a.a.i.c.AlbumsController           : Returning 2 albums
2023-01-23T12:37:38.573+02:00  INFO 32296 --- [AsyncResolver-bootstrap-executor-0] c.n.d.s.r.aws.ConfigClusterResolver      : Resolving eureka endpoints via configuration
2023-01-23T12:42:38.576+02:00  INFO 32296 --- [AsyncResolver-bootstrap-executor-0] c.n.d.s.r.aws.ConfigClusterResolver      : Resolving eureka endpoints via configuration
2023-01-23T12:47:38.578+02:00  INFO 32296 --- [AsyncResolver-bootstrap-executor-0] c.n.d.s.r.aws.ConfigClusterResolver      : Resolving eureka endpoints via configuration
2023-01-23T12:52:38.594+02:00  INFO 32296 --- [AsyncResolver-bootstrap-executor-0] c.n.d.s.r.aws.ConfigClusterResolver      : Resolving eureka endpoints via configuration
2023-01-23T12:57:38.601+02:00  INFO 32296 --- [AsyncResolver-bootstrap-executor-0] c.n.d.s.r.aws.ConfigClusterResolver      : Resolving eureka endpoints via configuration
2023-01-23T13:02:38.613+02:00  INFO 32296 --- [AsyncResolver-bootstrap-executor-0] c.n.d.s.r.aws.ConfigClusterResolver      : Resolving eureka endpoints via configuration
2023-01-23T13:07:38.625+02:00  INFO 32296 --- [AsyncResolver-bootstrap-executor-0] c.n.d.s.r.aws.ConfigClusterResolver      : Resolving eureka endpoints via configuration
2023-01-23T13:12:38.636+02:00  INFO 32296 --- [AsyncResolver-bootstrap-executor-0] c.n.d.s.r.aws.ConfigClusterResolver      : Resolving eureka endpoints via configuration
2023-01-23T13:17:38.640+02:00  INFO 32296 --- [AsyncResolver-bootstrap-executor-0] c.n.d.s.r.aws.ConfigClusterResolver      : Resolving eureka endpoints via configuration
2023-01-23T13:22:38.641+02:00  INFO 32296 --- [AsyncResolver-bootstrap-executor-0] c.n.d.s.r.aws.ConfigClusterResolver      : Resolving eureka endpoints via configuration
2023-01-23T13:27:38.650+02:00  INFO 32296 --- [AsyncResolver-bootstrap-executor-0] c.n.d.s.r.aws.ConfigClusterResolver      : Resolving eureka endpoints via configuration
2023-01-23T13:32:38.660+02:00  INFO 32296 --- [AsyncResolver-bootstrap-executor-0] c.n.d.s.r.aws.ConfigClusterResolver      : Resolving eureka endpoints via configuration
2023-01-23T13:37:38.664+02:00  INFO 32296 --- [AsyncResolver-bootstrap-executor-0] c.n.d.s.r.aws.ConfigClusterResolver      : Resolving eureka endpoints via configuration
2023-01-23T13:42:38.679+02:00  INFO 32296 --- [AsyncResolver-bootstrap-executor-0] c.n.d.s.r.aws.ConfigClusterResolver      : Resolving eureka endpoints via configuration
2023-01-23T13:47:38.691+02:00  INFO 32296 --- [AsyncResolver-bootstrap-executor-0] c.n.d.s.r.aws.ConfigClusterResolver      : Resolving eureka endpoints via configuration
2023-01-23T13:52:38.697+02:00  INFO 32296 --- [AsyncResolver-bootstrap-executor-0] c.n.d.s.r.aws.ConfigClusterResolver      : Resolving eureka endpoints via configuration
2023-01-23T13:57:38.698+02:00  INFO 32296 --- [AsyncResolver-bootstrap-executor-0] c.n.d.s.r.aws.ConfigClusterResolver      : Resolving eureka endpoints via configuration
2023-01-23T14:02:38.701+02:00  INFO 32296 --- [AsyncResolver-bootstrap-executor-0] c.n.d.s.r.aws.ConfigClusterResolver      : Resolving eureka endpoints via configuration
2023-01-23T14:07:38.702+02:00  INFO 32296 --- [AsyncResolver-bootstrap-executor-0] c.n.d.s.r.aws.ConfigClusterResolver      : Resolving eureka endpoints via configuration
2023-01-23T14:12:38.710+02:00  INFO 32296 --- [AsyncResolver-bootstrap-executor-0] c.n.d.s.r.aws.ConfigClusterResolver      : Resolving eureka endpoints via configuration
2023-01-23T14:17:38.722+02:00  INFO 32296 --- [AsyncResolver-bootstrap-executor-0] c.n.d.s.r.aws.ConfigClusterResolver      : Resolving eureka endpoints via configuration
2023-01-23T14:22:38.732+02:00  INFO 32296 --- [AsyncResolver-bootstrap-executor-0] c.n.d.s.r.aws.ConfigClusterResolver      : Resolving eureka endpoints via configuration
2023-01-23T14:27:38.743+02:00  INFO 32296 --- [AsyncResolver-bootstrap-executor-0] c.n.d.s.r.aws.ConfigClusterResolver      : Resolving eureka endpoints via configuration
2023-01-23T14:32:38.753+02:00  INFO 32296 --- [AsyncResolver-bootstrap-executor-0] c.n.d.s.r.aws.ConfigClusterResolver      : Resolving eureka endpoints via configuration
2023-01-23T14:37:38.759+02:00  INFO 32296 --- [AsyncResolver-bootstrap-executor-0] c.n.d.s.r.aws.ConfigClusterResolver      : Resolving eureka endpoints via configuration
2023-01-23T14:42:38.772+02:00  INFO 32296 --- [AsyncResolver-bootstrap-executor-0] c.n.d.s.r.aws.ConfigClusterResolver      : Resolving eureka endpoints via configuration
2023-01-23T14:47:38.786+02:00  INFO 32296 --- [AsyncResolver-bootstrap-executor-0] c.n.d.s.r.aws.ConfigClusterResolver      : Resolving eureka endpoints via configuration
2023-01-23T14:52:38.793+02:00  INFO 32296 --- [AsyncResolver-bootstrap-executor-0] c.n.d.s.r.aws.ConfigClusterResolver      : Resolving eureka endpoints via configuration
2023-01-23T14:57:38.809+02:00  INFO 32296 --- [AsyncResolver-bootstrap-executor-0] c.n.d.s.r.aws.ConfigClusterResolver      : Resolving eureka endpoints via configuration
2023-01-23T15:02:38.811+02:00  INFO 32296 --- [AsyncResolver-bootstrap-executor-0] c.n.d.s.r.aws.ConfigClusterResolver      : Resolving eureka endpoints via configuration
2023-01-23T15:07:38.824+02:00  INFO 32296 --- [AsyncResolver-bootstrap-executor-0] c.n.d.s.r.aws.ConfigClusterResolver      : Resolving eureka endpoints via configuration
2023-01-23T15:12:38.834+02:00  INFO 32296 --- [AsyncResolver-bootstrap-executor-0] c.n.d.s.r.aws.ConfigClusterResolver      : Resolving eureka endpoints via configuration
2023-01-23T15:17:38.835+02:00  INFO 32296 --- [AsyncResolver-bootstrap-executor-0] c.n.d.s.r.aws.ConfigClusterResolver      : Resolving eureka endpoints via configuration
2023-01-23T15:22:38.845+02:00  INFO 32296 --- [AsyncResolver-bootstrap-executor-0] c.n.d.s.r.aws.ConfigClusterResolver      : Resolving eureka endpoints via configuration
2023-01-23T15:23:43.428+02:00  INFO 32296 --- [http-nio-auto-1-exec-6] c.a.p.a.a.i.c.AlbumsController           : Returning 2 albums
2023-01-23T15:27:38.850+02:00  INFO 32296 --- [AsyncResolver-bootstrap-executor-0] c.n.d.s.r.aws.ConfigClusterResolver      : Resolving eureka endpoints via configuration
2023-01-23T15:32:38.858+02:00  INFO 32296 --- [AsyncResolver-bootstrap-executor-0] c.n.d.s.r.aws.ConfigClusterResolver      : Resolving eureka endpoints via configuration
2023-01-23T15:37:38.866+02:00  INFO 32296 --- [AsyncResolver-bootstrap-executor-0] c.n.d.s.r.aws.ConfigClusterResolver      : Resolving eureka endpoints via configuration
2023-01-23T15:42:38.878+02:00  INFO 32296 --- [AsyncResolver-bootstrap-executor-0] c.n.d.s.r.aws.ConfigClusterResolver      : Resolving eureka endpoints via configuration
2023-01-23T15:47:38.886+02:00  INFO 32296 --- [AsyncResolver-bootstrap-executor-0] c.n.d.s.r.aws.ConfigClusterResolver      : Resolving eureka endpoints via configuration
2023-01-23T15:52:38.894+02:00  INFO 32296 --- [AsyncResolver-bootstrap-executor-0] c.n.d.s.r.aws.ConfigClusterResolver      : Resolving eureka endpoints via configuration
2023-01-23T15:57:38.905+02:00  INFO 32296 --- [AsyncResolver-bootstrap-executor-0] c.n.d.s.r.aws.ConfigClusterResolver      : Resolving eureka endpoints via configuration
2023-01-23T16:02:38.910+02:00  INFO 32296 --- [AsyncResolver-bootstrap-executor-0] c.n.d.s.r.aws.ConfigClusterResolver      : Resolving eureka endpoints via configuration
2023-01-23T16:07:38.917+02:00  INFO 32296 --- [AsyncResolver-bootstrap-executor-0] c.n.d.s.r.aws.ConfigClusterResolver      : Resolving eureka endpoints via configuration
2023-01-23T16:12:38.929+02:00  INFO 32296 --- [AsyncResolver-bootstrap-executor-0] c.n.d.s.r.aws.ConfigClusterResolver      : Resolving eureka endpoints via configuration
2023-01-23T16:17:38.935+02:00  INFO 32296 --- [AsyncResolver-bootstrap-executor-0] c.n.d.s.r.aws.ConfigClusterResolver      : Resolving eureka endpoints via configuration
2023-01-23T16:22:38.948+02:00  INFO 32296 --- [AsyncResolver-bootstrap-executor-0] c.n.d.s.r.aws.ConfigClusterResolver      : Resolving eureka endpoints via configuration
2023-01-23T16:27:38.961+02:00  INFO 32296 --- [AsyncResolver-bootstrap-executor-0] c.n.d.s.r.aws.ConfigClusterResolver      : Resolving eureka endpoints via configuration
2023-01-23T16:32:38.973+02:00  INFO 32296 --- [AsyncResolver-bootstrap-executor-0] c.n.d.s.r.aws.ConfigClusterResolver      : Resolving eureka endpoints via configuration
2023-01-23T16:37:38.989+02:00  INFO 32296 --- [AsyncResolver-bootstrap-executor-0] c.n.d.s.r.aws.ConfigClusterResolver      : Resolving eureka endpoints via configuration
2023-01-23T16:42:38.996+02:00  INFO 32296 --- [AsyncResolver-bootstrap-executor-0] c.n.d.s.r.aws.ConfigClusterResolver      : Resolving eureka endpoints via configuration
2023-01-23T16:47:39.009+02:00  INFO 32296 --- [AsyncResolver-bootstrap-executor-0] c.n.d.s.r.aws.ConfigClusterResolver      : Resolving eureka endpoints via configuration
2023-01-23T16:52:39.013+02:00  INFO 32296 --- [AsyncResolver-bootstrap-executor-0] c.n.d.s.r.aws.ConfigClusterResolver      : Resolving eureka endpoints via configuration
2023-01-23T16:57:39.015+02:00  INFO 32296 --- [AsyncResolver-bootstrap-executor-0] c.n.d.s.r.aws.ConfigClusterResolver      : Resolving eureka endpoints via configuration
2023-01-23T17:02:39.021+02:00  INFO 32296 --- [AsyncResolver-bootstrap-executor-0] c.n.d.s.r.aws.ConfigClusterResolver      : Resolving eureka endpoints via configuration
2023-01-23T17:07:39.026+02:00  INFO 32296 --- [AsyncResolver-bootstrap-executor-0] c.n.d.s.r.aws.ConfigClusterResolver      : Resolving eureka endpoints via configuration
2023-01-23T17:12:39.042+02:00  INFO 32296 --- [AsyncResolver-bootstrap-executor-0] c.n.d.s.r.aws.ConfigClusterResolver      : Resolving eureka endpoints via configuration
2023-01-23T17:17:39.045+02:00  INFO 32296 --- [AsyncResolver-bootstrap-executor-0] c.n.d.s.r.aws.ConfigClusterResolver      : Resolving eureka endpoints via configuration
2023-01-23T17:22:39.051+02:00  INFO 32296 --- [AsyncResolver-bootstrap-executor-0] c.n.d.s.r.aws.ConfigClusterResolver      : Resolving eureka endpoints via configuration
2023-01-23T17:27:39.065+02:00  INFO 32296 --- [AsyncResolver-bootstrap-executor-0] c.n.d.s.r.aws.ConfigClusterResolver      : Resolving eureka endpoints via configuration
2023-01-23T17:32:39.074+02:00  INFO 32296 --- [AsyncResolver-bootstrap-executor-0] c.n.d.s.r.aws.ConfigClusterResolver      : Resolving eureka endpoints via configuration
2023-01-23T17:37:39.082+02:00  INFO 32296 --- [AsyncResolver-bootstrap-executor-0] c.n.d.s.r.aws.ConfigClusterResolver      : Resolving eureka endpoints via configuration
2023-01-23T17:42:39.098+02:00  INFO 32296 --- [AsyncResolver-bootstrap-executor-0] c.n.d.s.r.aws.ConfigClusterResolver      : Resolving eureka endpoints via configuration
2023-01-23T17:47:39.104+02:00  INFO 32296 --- [AsyncResolver-bootstrap-executor-0] c.n.d.s.r.aws.ConfigClusterResolver      : Resolving eureka endpoints via configuration
2023-01-23T17:52:39.109+02:00  INFO 32296 --- [AsyncResolver-bootstrap-executor-0] c.n.d.s.r.aws.ConfigClusterResolver      : Resolving eureka endpoints via configuration
2023-01-23T17:57:39.120+02:00  INFO 32296 --- [AsyncResolver-bootstrap-executor-0] c.n.d.s.r.aws.ConfigClusterResolver      : Resolving eureka endpoints via configuration
2023-01-23T18:02:39.129+02:00  INFO 32296 --- [AsyncResolver-bootstrap-executor-0] c.n.d.s.r.aws.ConfigClusterResolver      : Resolving eureka endpoints via configuration
2023-01-23T18:07:39.136+02:00  INFO 32296 --- [AsyncResolver-bootstrap-executor-0] c.n.d.s.r.aws.ConfigClusterResolver      : Resolving eureka endpoints via configuration
2023-01-23T18:12:39.144+02:00  INFO 32296 --- [AsyncResolver-bootstrap-executor-0] c.n.d.s.r.aws.ConfigClusterResolver      : Resolving eureka endpoints via configuration
2023-01-23T18:17:39.158+02:00  INFO 32296 --- [AsyncResolver-bootstrap-executor-0] c.n.d.s.r.aws.ConfigClusterResolver      : Resolving eureka endpoints via configuration
2023-01-23T18:22:39.172+02:00  INFO 32296 --- [AsyncResolver-bootstrap-executor-0] c.n.d.s.r.aws.ConfigClusterResolver      : Resolving eureka endpoints via configuration
2023-01-23T18:27:39.182+02:00  INFO 32296 --- [AsyncResolver-bootstrap-executor-0] c.n.d.s.r.aws.ConfigClusterResolver      : Resolving eureka endpoints via configuration
2023-01-23T18:32:39.184+02:00  INFO 32296 --- [AsyncResolver-bootstrap-executor-0] c.n.d.s.r.aws.ConfigClusterResolver      : Resolving eureka endpoints via configuration
2023-01-23T18:37:39.197+02:00  INFO 32296 --- [AsyncResolver-bootstrap-executor-0] c.n.d.s.r.aws.ConfigClusterResolver      : Resolving eureka endpoints via configuration
2023-01-23T18:42:39.210+02:00  INFO 32296 --- [AsyncResolver-bootstrap-executor-0] c.n.d.s.r.aws.ConfigClusterResolver      : Resolving eureka endpoints via configuration
2023-01-23T18:47:39.222+02:00  INFO 32296 --- [AsyncResolver-bootstrap-executor-0] c.n.d.s.r.aws.ConfigClusterResolver      : Resolving eureka endpoints via configuration
2023-01-23T18:52:39.233+02:00  INFO 32296 --- [AsyncResolver-bootstrap-executor-0] c.n.d.s.r.aws.ConfigClusterResolver      : Resolving eureka endpoints via configuration
2023-01-23T18:57:39.238+02:00  INFO 32296 --- [AsyncResolver-bootstrap-executor-0] c.n.d.s.r.aws.ConfigClusterResolver      : Resolving eureka endpoints via configuration
2023-01-23T19:02:39.242+02:00  INFO 32296 --- [AsyncResolver-bootstrap-executor-0] c.n.d.s.r.aws.ConfigClusterResolver      : Resolving eureka endpoints via configuration
2023-01-23T19:07:39.257+02:00  INFO 32296 --- [AsyncResolver-bootstrap-executor-0] c.n.d.s.r.aws.ConfigClusterResolver      : Resolving eureka endpoints via configuration
2023-01-23T19:12:39.271+02:00  INFO 32296 --- [AsyncResolver-bootstrap-executor-0] c.n.d.s.r.aws.ConfigClusterResolver      : Resolving eureka endpoints via configuration
2023-01-23T19:17:39.273+02:00  INFO 32296 --- [AsyncResolver-bootstrap-executor-0] c.n.d.s.r.aws.ConfigClusterResolver      : Resolving eureka endpoints via configuration
2023-01-23T19:22:39.288+02:00  INFO 32296 --- [AsyncResolver-bootstrap-executor-0] c.n.d.s.r.aws.ConfigClusterResolver      : Resolving eureka endpoints via configuration
2023-01-23T19:27:39.294+02:00  INFO 32296 --- [AsyncResolver-bootstrap-executor-0] c.n.d.s.r.aws.ConfigClusterResolver      : Resolving eureka endpoints via configuration
2023-01-23T19:32:39.307+02:00  INFO 32296 --- [AsyncResolver-bootstrap-executor-0] c.n.d.s.r.aws.ConfigClusterResolver      : Resolving eureka endpoints via configuration
2023-01-23T19:37:39.320+02:00  INFO 32296 --- [AsyncResolver-bootstrap-executor-0] c.n.d.s.r.aws.ConfigClusterResolver      : Resolving eureka endpoints via configuration
2023-01-23T19:42:39.325+02:00  INFO 32296 --- [AsyncResolver-bootstrap-executor-0] c.n.d.s.r.aws.ConfigClusterResolver      : Resolving eureka endpoints via configuration
2023-01-23T19:47:39.339+02:00  INFO 32296 --- [AsyncResolver-bootstrap-executor-0] c.n.d.s.r.aws.ConfigClusterResolver      : Resolving eureka endpoints via configuration
2023-01-23T19:52:39.354+02:00  INFO 32296 --- [AsyncResolver-bootstrap-executor-0] c.n.d.s.r.aws.ConfigClusterResolver      : Resolving eureka endpoints via configuration
2023-01-23T19:57:39.357+02:00  INFO 32296 --- [AsyncResolver-bootstrap-executor-0] c.n.d.s.r.aws.ConfigClusterResolver      : Resolving eureka endpoints via configuration
2023-01-23T20:02:39.371+02:00  INFO 32296 --- [AsyncResolver-bootstrap-executor-0] c.n.d.s.r.aws.ConfigClusterResolver      : Resolving eureka endpoints via configuration
2023-01-23T20:07:39.378+02:00  INFO 32296 --- [AsyncResolver-bootstrap-executor-0] c.n.d.s.r.aws.ConfigClusterResolver      : Resolving eureka endpoints via configuration
2023-01-23T20:12:39.383+02:00  INFO 32296 --- [AsyncResolver-bootstrap-executor-0] c.n.d.s.r.aws.ConfigClusterResolver      : Resolving eureka endpoints via configuration
2023-01-23T20:17:39.385+02:00  INFO 32296 --- [AsyncResolver-bootstrap-executor-0] c.n.d.s.r.aws.ConfigClusterResolver      : Resolving eureka endpoints via configuration
2023-01-23T20:22:39.387+02:00  INFO 32296 --- [AsyncResolver-bootstrap-executor-0] c.n.d.s.r.aws.ConfigClusterResolver      : Resolving eureka endpoints via configuration
2023-01-23T20:27:39.399+02:00  INFO 32296 --- [AsyncResolver-bootstrap-executor-0] c.n.d.s.r.aws.ConfigClusterResolver      : Resolving eureka endpoints via configuration
2023-01-23T20:32:39.416+02:00  INFO 32296 --- [AsyncResolver-bootstrap-executor-0] c.n.d.s.r.aws.ConfigClusterResolver      : Resolving eureka endpoints via configuration
